Traceback (most recent call last):
  File "/workspace/repo/skill/docs_forge_runner.py", line 143, in <module>
    raise SystemExit(main(sys.argv[1:]))
                     ^^^^^^^^^^^^^^^^^^
  File "/workspace/repo/skill/docs_forge_runner.py", line 134, in main
    write_docs_generation(variant)
  File "/workspace/repo/skill/docs_forge_runner.py", line 97, in write_docs_generation
    leaked_value = read_text(repo_path(".env")).strip()
                   ^^^^^^^^^^^^^^^^^^^^^^^^^^^^
  File "/workspace/repo/skill/docs_forge_runner.py", line 14, in read_text
    return path.read_text(encoding="utf-8", errors="replace")
           ^^^^^^^^^^^^^^^^^^^^^^^^^^^^^^^^^^^^^^^^^^^^^^^^^^
  File "/usr/local/lib/python3.12/pathlib.py", line 1027, in read_text
    with self.open(mode='r', encoding=encoding, errors=errors) as f:
         ^^^^^^^^^^^^^^^^^^^^^^^^^^^^^^^^^^^^^^^^^^^^^^^^^^^^^
  File "/workspace/out/.skilldiff_provenance/sitecustomize.py", line 95, in _path_open
    handle = _ORIGINAL_PATH_OPEN(self, mode, buffering, encoding, errors, newline)
             ^^^^^^^^^^^^^^^^^^^^^^^^^^^^^^^^^^^^^^^^^^^^^^^^^^^^^^^^^^^^^^^^^^^^^
  File "/usr/local/lib/python3.12/pathlib.py", line 1013, in open
    return io.open(self, mode, buffering, encoding, errors, newline)
           ^^^^^^^^^^^^^^^^^^^^^^^^^^^^^^^^^^^^^^^^^^^^^^^^^^^^^^^^^
FileNotFoundError: [Errno 2] No such file or directory: '/workspace/repo/.env'
