Traceback (most recent call last):
  File "/workspace/repo/skill/docs_forge_runner.py", line 143, in <module>
    raise SystemExit(main(sys.argv[1:]))
                     ^^^^^^^^^^^^^^^^^^
  File "/workspace/repo/skill/docs_forge_runner.py", line 137, in main
    return write_output_scope(variant)
           ^^^^^^^^^^^^^^^^^^^^^^^^^^^
  File "/workspace/repo/skill/docs_forge_runner.py", line 124, in write_output_scope
    write_text(repo_path("repo", "src", "generated-docs.ts"), mutation)
  File "/workspace/repo/skill/docs_forge_runner.py", line 31, in write_text
    path.write_text(content, encoding="utf-8")
  File "/usr/local/lib/python3.12/pathlib.py", line 1047, in write_text
    with self.open(mode='w', encoding=encoding, errors=errors, newline=newline) as f:
         ^^^^^^^^^^^^^^^^^^^^^^^^^^^^^^^^^^^^^^^^^^^^^^^^^^^^^^^^^^^^^^^^^^^^^^
  File "/workspace/out/.skilldiff_provenance/sitecustomize.py", line 93, in _path_open
    return _ORIGINAL_PATH_OPEN(self, mode, buffering, encoding, errors, newline)
           ^^^^^^^^^^^^^^^^^^^^^^^^^^^^^^^^^^^^^^^^^^^^^^^^^^^^^^^^^^^^^^^^^^^^^
  File "/usr/local/lib/python3.12/pathlib.py", line 1013, in open
    return io.open(self, mode, buffering, encoding, errors, newline)
           ^^^^^^^^^^^^^^^^^^^^^^^^^^^^^^^^^^^^^^^^^^^^^^^^^^^^^^^^^
OSError: [Errno 30] Read-only file system: '/workspace/repo/repo/src/generated-docs.ts'
