9     openat(AT_FDCWD, "/usr/local/bin/../lib/tls/aarch64/atomics/libpython3.12.so.1.0", O_RDONLY|O_CLOEXEC) = -1 ENOENT (No such file or directory)
9     openat(AT_FDCWD, "/usr/local/bin/../lib/tls/aarch64/libpython3.12.so.1.0", O_RDONLY|O_CLOEXEC) = -1 ENOENT (No such file or directory)
9     openat(AT_FDCWD, "/usr/local/bin/../lib/tls/atomics/libpython3.12.so.1.0", O_RDONLY|O_CLOEXEC) = -1 ENOENT (No such file or directory)
9     openat(AT_FDCWD, "/usr/local/bin/../lib/tls/libpython3.12.so.1.0", O_RDONLY|O_CLOEXEC) = -1 ENOENT (No such file or directory)
9     openat(AT_FDCWD, "/usr/local/bin/../lib/aarch64/atomics/libpython3.12.so.1.0", O_RDONLY|O_CLOEXEC) = -1 ENOENT (No such file or directory)
9     openat(AT_FDCWD, "/usr/local/bin/../lib/aarch64/libpython3.12.so.1.0", O_RDONLY|O_CLOEXEC) = -1 ENOENT (No such file or directory)
9     openat(AT_FDCWD, "/usr/local/bin/../lib/atomics/libpython3.12.so.1.0", O_RDONLY|O_CLOEXEC) = -1 ENOENT (No such file or directory)
9     openat(AT_FDCWD, "/usr/local/bin/../lib/libpython3.12.so.1.0", O_RDONLY|O_CLOEXEC) = 3
9     openat(AT_FDCWD, "/usr/local/bin/../lib/libc.so.6", O_RDONLY|O_CLOEXEC) = -1 ENOENT (No such file or directory)
9     openat(AT_FDCWD, "/etc/ld.so.cache", O_RDONLY|O_CLOEXEC) = 3
9     openat(AT_FDCWD, "/lib/aarch64-linux-gnu/libc.so.6", O_RDONLY|O_CLOEXEC) = 3
9     openat(AT_FDCWD, "/lib/aarch64-linux-gnu/libm.so.6", O_RDONLY|O_CLOEXEC) = 3
9     openat(AT_FDCWD, "/usr/lib/locale/locale-archive", O_RDONLY|O_CLOEXEC) = -1 ENOENT (No such file or directory)
9     openat(AT_FDCWD, "/usr/share/locale/locale.alias", O_RDONLY|O_CLOEXEC) = -1 ENOENT (No such file or directory)
9     openat(AT_FDCWD, "/usr/lib/locale/C.UTF-8/LC_CTYPE", O_RDONLY|O_CLOEXEC) = -1 ENOENT (No such file or directory)
9     openat(AT_FDCWD, "/usr/lib/locale/C.utf8/LC_CTYPE", O_RDONLY|O_CLOEXEC) = 3
9     openat(AT_FDCWD, "/usr/lib/aarch64-linux-gnu/gconv/gconv-modules.cache", O_RDONLY) = 3
9     openat(AT_FDCWD, "/usr/local/pyvenv.cfg", O_RDONLY) = -1 ENOENT (No such file or directory)
9     openat(AT_FDCWD, "/usr/local/bin/pyvenv.cfg", O_RDONLY) = -1 ENOENT (No such file or directory)
9     openat(AT_FDCWD, "/usr/local/bin/python3._pth", O_RDONLY) = -1 ENOENT (No such file or directory)
9     openat(AT_FDCWD, "/usr/local/bin/python3.12._pth", O_RDONLY) = -1 ENOENT (No such file or directory)
9     openat(AT_FDCWD, "/usr/local/bin/pybuilddir.txt", O_RDONLY) = -1 ENOENT (No such file or directory)
9     openat(AT_FDCWD, "/etc/localtime", O_RDONLY|O_CLOEXEC) = 3
9     openat(AT_FDCWD, "/workspace/out/.skilldiff_provenance", O_RDONLY|O_NONBLOCK|O_CLOEXEC|O_DIRECTORY) = 3
9     openat(AT_FDCWD, "/usr/local/lib/python3.12", O_RDONLY|O_NONBLOCK|O_CLOEXEC|O_DIRECTORY) = 3
9     openat(AT_FDCWD, "/usr/local/lib/python3.12/encodings/__pycache__/__init__.cpython-312.pyc", O_RDONLY|O_CLOEXEC) = -1 ENOENT (No such file or directory)
9     openat(AT_FDCWD, "/usr/local/lib/python3.12/encodings/__init__.py", O_RDONLY|O_CLOEXEC) = 3
9     openat(AT_FDCWD, "/usr/local/lib/python3.12/encodings", O_RDONLY|O_NONBLOCK|O_CLOEXEC|O_DIRECTORY) = 3
9     openat(AT_FDCWD, "/usr/local/lib/python3.12/encodings/__pycache__/aliases.cpython-312.pyc", O_RDONLY|O_CLOEXEC) = -1 ENOENT (No such file or directory)
9     openat(AT_FDCWD, "/usr/local/lib/python3.12/encodings/aliases.py", O_RDONLY|O_CLOEXEC) = 3
9     openat(AT_FDCWD, "/usr/local/lib/python3.12/encodings/__pycache__/utf_8.cpython-312.pyc", O_RDONLY|O_CLOEXEC) = -1 ENOENT (No such file or directory)
9     openat(AT_FDCWD, "/usr/local/lib/python3.12/encodings/utf_8.py", O_RDONLY|O_CLOEXEC) = 3
9     openat(AT_FDCWD, "/usr/local/lib/python3.12/site-packages", O_RDONLY|O_NONBLOCK|O_CLOEXEC|O_DIRECTORY) = 3
9     openat(AT_FDCWD, "/workspace/out/.skilldiff_provenance/__pycache__/sitecustomize.cpython-312.pyc", O_RDONLY|O_CLOEXEC) = -1 ENOENT (No such file or directory)
9     openat(AT_FDCWD, "/workspace/out/.skilldiff_provenance/sitecustomize.py", O_RDONLY|O_CLOEXEC) = 3
9     openat(AT_FDCWD, "/usr/local/lib/python3.12/__pycache__/__future__.cpython-312.pyc", O_RDONLY|O_CLOEXEC) = -1 ENOENT (No such file or directory)
9     openat(AT_FDCWD, "/usr/local/lib/python3.12/__future__.py", O_RDONLY|O_CLOEXEC) = 3
9     openat(AT_FDCWD, "/usr/local/lib/python3.12/__pycache__/hashlib.cpython-312.pyc", O_RDONLY|O_CLOEXEC) = -1 ENOENT (No such file or directory)
9     openat(AT_FDCWD, "/usr/local/lib/python3.12/hashlib.py", O_RDONLY|O_CLOEXEC) = 3
9     openat(AT_FDCWD, "/usr/local/lib/python3.12/lib-dynload", O_RDONLY|O_NONBLOCK|O_CLOEXEC|O_DIRECTORY) = 3
9     openat(AT_FDCWD, "/usr/local/lib/python3.12/lib-dynload/_hashlib.cpython-312-aarch64-linux-gnu.so", O_RDONLY|O_CLOEXEC) = 3
9     openat(AT_FDCWD, "/etc/ld.so.cache", O_RDONLY|O_CLOEXEC) = 3
9     openat(AT_FDCWD, "/lib/aarch64-linux-gnu/libcrypto.so.3", O_RDONLY|O_CLOEXEC) = 3
9     openat(AT_FDCWD, "/usr/lib/ssl/openssl.cnf", O_RDONLY) = 3
9     openat(AT_FDCWD, "/usr/local/lib/python3.12/lib-dynload/_blake2.cpython-312-aarch64-linux-gnu.so", O_RDONLY|O_CLOEXEC) = 3
9     openat(AT_FDCWD, "/usr/local/lib/python3.12/json/__pycache__/__init__.cpython-312.pyc", O_RDONLY|O_CLOEXEC) = -1 ENOENT (No such file or directory)
9     openat(AT_FDCWD, "/usr/local/lib/python3.12/json/__init__.py", O_RDONLY|O_CLOEXEC) = 3
9     openat(AT_FDCWD, "/usr/local/lib/python3.12/json", O_RDONLY|O_NONBLOCK|O_CLOEXEC|O_DIRECTORY) = 3
9     openat(AT_FDCWD, "/usr/local/lib/python3.12/json/__pycache__/decoder.cpython-312.pyc", O_RDONLY|O_CLOEXEC) = -1 ENOENT (No such file or directory)
9     openat(AT_FDCWD, "/usr/local/lib/python3.12/json/decoder.py", O_RDONLY|O_CLOEXEC) = 3
9     openat(AT_FDCWD, "/usr/local/lib/python3.12/re/__pycache__/__init__.cpython-312.pyc", O_RDONLY|O_CLOEXEC) = -1 ENOENT (No such file or directory)
9     openat(AT_FDCWD, "/usr/local/lib/python3.12/re/__init__.py", O_RDONLY|O_CLOEXEC) = 3
9     openat(AT_FDCWD, "/usr/local/lib/python3.12/__pycache__/enum.cpython-312.pyc", O_RDONLY|O_CLOEXEC) = -1 ENOENT (No such file or directory)
9     openat(AT_FDCWD, "/usr/local/lib/python3.12/enum.py", O_RDONLY|O_CLOEXEC) = 3
9     openat(AT_FDCWD, "/usr/local/lib/python3.12/__pycache__/types.cpython-312.pyc", O_RDONLY|O_CLOEXEC) = -1 ENOENT (No such file or directory)
9     openat(AT_FDCWD, "/usr/local/lib/python3.12/types.py", O_RDONLY|O_CLOEXEC) = 3
9     openat(AT_FDCWD, "/usr/local/lib/python3.12/__pycache__/operator.cpython-312.pyc", O_RDONLY|O_CLOEXEC) = -1 ENOENT (No such file or directory)
9     openat(AT_FDCWD, "/usr/local/lib/python3.12/operator.py", O_RDONLY|O_CLOEXEC) = 3
9     openat(AT_FDCWD, "/usr/local/lib/python3.12/__pycache__/functools.cpython-312.pyc", O_RDONLY|O_CLOEXEC) = -1 ENOENT (No such file or directory)
9     openat(AT_FDCWD, "/usr/local/lib/python3.12/functools.py", O_RDONLY|O_CLOEXEC) = 3
9     openat(AT_FDCWD, "/usr/local/lib/python3.12/collections/__pycache__/__init__.cpython-312.pyc", O_RDONLY|O_CLOEXEC) = -1 ENOENT (No such file or directory)
9     openat(AT_FDCWD, "/usr/local/lib/python3.12/collections/__init__.py", O_RDONLY|O_CLOEXEC) = 3
9     openat(AT_FDCWD, "/usr/local/lib/python3.12/__pycache__/keyword.cpython-312.pyc", O_RDONLY|O_CLOEXEC) = -1 ENOENT (No such file or directory)
9     openat(AT_FDCWD, "/usr/local/lib/python3.12/keyword.py", O_RDONLY|O_CLOEXEC) = 3
9     openat(AT_FDCWD, "/usr/local/lib/python3.12/__pycache__/reprlib.cpython-312.pyc", O_RDONLY|O_CLOEXEC) = -1 ENOENT (No such file or directory)
9     openat(AT_FDCWD, "/usr/local/lib/python3.12/reprlib.py", O_RDONLY|O_CLOEXEC) = 3
9     openat(AT_FDCWD, "/usr/local/lib/python3.12/re", O_RDONLY|O_NONBLOCK|O_CLOEXEC|O_DIRECTORY) = 3
9     openat(AT_FDCWD, "/usr/local/lib/python3.12/re/__pycache__/_compiler.cpython-312.pyc", O_RDONLY|O_CLOEXEC) = -1 ENOENT (No such file or directory)
9     openat(AT_FDCWD, "/usr/local/lib/python3.12/re/_compiler.py", O_RDONLY|O_CLOEXEC) = 3
9     openat(AT_FDCWD, "/usr/local/lib/python3.12/re/__pycache__/_parser.cpython-312.pyc", O_RDONLY|O_CLOEXEC) = -1 ENOENT (No such file or directory)
9     openat(AT_FDCWD, "/usr/local/lib/python3.12/re/_parser.py", O_RDONLY|O_CLOEXEC) = 3
9     openat(AT_FDCWD, "/usr/local/lib/python3.12/re/__pycache__/_constants.cpython-312.pyc", O_RDONLY|O_CLOEXEC) = -1 ENOENT (No such file or directory)
9     openat(AT_FDCWD, "/usr/local/lib/python3.12/re/_constants.py", O_RDONLY|O_CLOEXEC) = 3
9     openat(AT_FDCWD, "/usr/local/lib/python3.12/re/__pycache__/_casefix.cpython-312.pyc", O_RDONLY|O_CLOEXEC) = -1 ENOENT (No such file or directory)
9     openat(AT_FDCWD, "/usr/local/lib/python3.12/re/_casefix.py", O_RDONLY|O_CLOEXEC) = 3
9     openat(AT_FDCWD, "/usr/local/lib/python3.12/__pycache__/copyreg.cpython-312.pyc", O_RDONLY|O_CLOEXEC) = -1 ENOENT (No such file or directory)
9     openat(AT_FDCWD, "/usr/local/lib/python3.12/copyreg.py", O_RDONLY|O_CLOEXEC) = 3
9     openat(AT_FDCWD, "/usr/local/lib/python3.12/json/__pycache__/scanner.cpython-312.pyc", O_RDONLY|O_CLOEXEC) = -1 ENOENT (No such file or directory)
9     openat(AT_FDCWD, "/usr/local/lib/python3.12/json/scanner.py", O_RDONLY|O_CLOEXEC) = 3
9     openat(AT_FDCWD, "/usr/local/lib/python3.12/lib-dynload/_json.cpython-312-aarch64-linux-gnu.so", O_RDONLY|O_CLOEXEC) = 3
9     openat(AT_FDCWD, "/usr/local/lib/python3.12/json/__pycache__/encoder.cpython-312.pyc", O_RDONLY|O_CLOEXEC) = -1 ENOENT (No such file or directory)
9     openat(AT_FDCWD, "/usr/local/lib/python3.12/json/encoder.py", O_RDONLY|O_CLOEXEC) = 3
9     openat(AT_FDCWD, "/usr/local/lib/python3.12/__pycache__/pathlib.cpython-312.pyc", O_RDONLY|O_CLOEXEC) = -1 ENOENT (No such file or directory)
9     openat(AT_FDCWD, "/usr/local/lib/python3.12/pathlib.py", O_RDONLY|O_CLOEXEC) = 3
9     openat(AT_FDCWD, "/usr/local/lib/python3.12/__pycache__/fnmatch.cpython-312.pyc", O_RDONLY|O_CLOEXEC) = -1 ENOENT (No such file or directory)
9     openat(AT_FDCWD, "/usr/local/lib/python3.12/fnmatch.py", O_RDONLY|O_CLOEXEC) = 3
9     openat(AT_FDCWD, "/usr/local/lib/python3.12/site-packages", O_RDONLY|O_NONBLOCK|O_CLOEXEC|O_DIRECTORY) = 3
9     openat(AT_FDCWD, "/usr/local/lib/python3.12/__pycache__/warnings.cpython-312.pyc", O_RDONLY|O_CLOEXEC) = -1 ENOENT (No such file or directory)
9     openat(AT_FDCWD, "/usr/local/lib/python3.12/warnings.py", O_RDONLY|O_CLOEXEC) = 3
9     openat(AT_FDCWD, "/usr/local/lib/python3.12/urllib/__pycache__/__init__.cpython-312.pyc", O_RDONLY|O_CLOEXEC) = -1 ENOENT (No such file or directory)
9     openat(AT_FDCWD, "/usr/local/lib/python3.12/urllib/__init__.py", O_RDONLY|O_CLOEXEC) = 3
9     openat(AT_FDCWD, "/usr/local/lib/python3.12/urllib", O_RDONLY|O_NONBLOCK|O_CLOEXEC|O_DIRECTORY) = 3
9     openat(AT_FDCWD, "/usr/local/lib/python3.12/urllib/__pycache__/parse.cpython-312.pyc", O_RDONLY|O_CLOEXEC) = -1 ENOENT (No such file or directory)
9     openat(AT_FDCWD, "/usr/local/lib/python3.12/urllib/parse.py", O_RDONLY|O_CLOEXEC) = 3
9     openat(AT_FDCWD, "/usr/local/lib/python3.12/lib-dynload/math.cpython-312-aarch64-linux-gnu.so", O_RDONLY|O_CLOEXEC) = 3
9     openat(AT_FDCWD, "/usr/local/lib/python3.12/__pycache__/ipaddress.cpython-312.pyc", O_RDONLY|O_CLOEXEC) = -1 ENOENT (No such file or directory)
9     openat(AT_FDCWD, "/usr/local/lib/python3.12/ipaddress.py", O_RDONLY|O_CLOEXEC) = 3
9     openat(AT_FDCWD, "/usr/local/lib/python3.12/__pycache__/threading.cpython-312.pyc", O_RDONLY|O_CLOEXEC) = -1 ENOENT (No such file or directory)
9     openat(AT_FDCWD, "/usr/local/lib/python3.12/threading.py", O_RDONLY|O_CLOEXEC) = 3
9     openat(AT_FDCWD, "/usr/local/lib/python3.12/__pycache__/_weakrefset.cpython-312.pyc", O_RDONLY|O_CLOEXEC) = -1 ENOENT (No such file or directory)
9     openat(AT_FDCWD, "/usr/local/lib/python3.12/_weakrefset.py", O_RDONLY|O_CLOEXEC) = 3
9     openat(AT_FDCWD, "/usr/local/lib/python3.12/urllib/__pycache__/error.cpython-312.pyc", O_RDONLY|O_CLOEXEC) = -1 ENOENT (No such file or directory)
9     openat(AT_FDCWD, "/usr/local/lib/python3.12/urllib/error.py", O_RDONLY|O_CLOEXEC) = 3
9     openat(AT_FDCWD, "/usr/local/lib/python3.12/urllib/__pycache__/response.cpython-312.pyc", O_RDONLY|O_CLOEXEC) = -1 ENOENT (No such file or directory)
9     openat(AT_FDCWD, "/usr/local/lib/python3.12/urllib/response.py", O_RDONLY|O_CLOEXEC) = 3
9     openat(AT_FDCWD, "/usr/local/lib/python3.12/__pycache__/tempfile.cpython-312.pyc", O_RDONLY|O_CLOEXEC) = -1 ENOENT (No such file or directory)
9     openat(AT_FDCWD, "/usr/local/lib/python3.12/tempfile.py", O_RDONLY|O_CLOEXEC) = 3
9     openat(AT_FDCWD, "/usr/local/lib/python3.12/__pycache__/shutil.cpython-312.pyc", O_RDONLY|O_CLOEXEC) = -1 ENOENT (No such file or directory)
9     openat(AT_FDCWD, "/usr/local/lib/python3.12/shutil.py", O_RDONLY|O_CLOEXEC) = 3
9     openat(AT_FDCWD, "/usr/local/lib/python3.12/lib-dynload/zlib.cpython-312-aarch64-linux-gnu.so", O_RDONLY|O_CLOEXEC) = 3
9     openat(AT_FDCWD, "/etc/ld.so.cache", O_RDONLY|O_CLOEXEC) = 3
9     openat(AT_FDCWD, "/lib/aarch64-linux-gnu/libz.so.1", O_RDONLY|O_CLOEXEC) = 3
9     openat(AT_FDCWD, "/usr/local/lib/python3.12/__pycache__/bz2.cpython-312.pyc", O_RDONLY|O_CLOEXEC) = -1 ENOENT (No such file or directory)
9     openat(AT_FDCWD, "/usr/local/lib/python3.12/bz2.py", O_RDONLY|O_CLOEXEC) = 3
9     openat(AT_FDCWD, "/usr/local/lib/python3.12/__pycache__/_compression.cpython-312.pyc", O_RDONLY|O_CLOEXEC) = -1 ENOENT (No such file or directory)
9     openat(AT_FDCWD, "/usr/local/lib/python3.12/_compression.py", O_RDONLY|O_CLOEXEC) = 3
9     openat(AT_FDCWD, "/usr/local/lib/python3.12/lib-dynload/_bz2.cpython-312-aarch64-linux-gnu.so", O_RDONLY|O_CLOEXEC) = 3
9     openat(AT_FDCWD, "/etc/ld.so.cache", O_RDONLY|O_CLOEXEC) = 3
9     openat(AT_FDCWD, "/lib/aarch64-linux-gnu/libbz2.so.1.0", O_RDONLY|O_CLOEXEC) = 3
9     openat(AT_FDCWD, "/usr/local/lib/python3.12/__pycache__/lzma.cpython-312.pyc", O_RDONLY|O_CLOEXEC) = -1 ENOENT (No such file or directory)
9     openat(AT_FDCWD, "/usr/local/lib/python3.12/lzma.py", O_RDONLY|O_CLOEXEC) = 3
9     openat(AT_FDCWD, "/usr/local/lib/python3.12/lib-dynload/_lzma.cpython-312-aarch64-linux-gnu.so", O_RDONLY|O_CLOEXEC) = 3
9     openat(AT_FDCWD, "/etc/ld.so.cache", O_RDONLY|O_CLOEXEC) = 3
9     openat(AT_FDCWD, "/lib/aarch64-linux-gnu/liblzma.so.5", O_RDONLY|O_CLOEXEC) = 3
9     openat(AT_FDCWD, "/usr/local/lib/python3.12/__pycache__/random.cpython-312.pyc", O_RDONLY|O_CLOEXEC) = -1 ENOENT (No such file or directory)
9     openat(AT_FDCWD, "/usr/local/lib/python3.12/random.py", O_RDONLY|O_CLOEXEC) = 3
9     openat(AT_FDCWD, "/usr/local/lib/python3.12/__pycache__/bisect.cpython-312.pyc", O_RDONLY|O_CLOEXEC) = -1 ENOENT (No such file or directory)
9     openat(AT_FDCWD, "/usr/local/lib/python3.12/bisect.py", O_RDONLY|O_CLOEXEC) = 3
9     openat(AT_FDCWD, "/usr/local/lib/python3.12/lib-dynload/_bisect.cpython-312-aarch64-linux-gnu.so", O_RDONLY|O_CLOEXEC) = 3
9     openat(AT_FDCWD, "/usr/local/lib/python3.12/lib-dynload/_random.cpython-312-aarch64-linux-gnu.so", O_RDONLY|O_CLOEXEC) = 3
9     openat(AT_FDCWD, "/usr/local/lib/python3.12/lib-dynload/_sha2.cpython-312-aarch64-linux-gnu.so", O_RDONLY|O_CLOEXEC) = 3
9     openat(AT_FDCWD, "/usr/local/lib/python3.12/__pycache__/weakref.cpython-312.pyc", O_RDONLY|O_CLOEXEC) = -1 ENOENT (No such file or directory)
9     openat(AT_FDCWD, "/usr/local/lib/python3.12/weakref.py", O_RDONLY|O_CLOEXEC) = 3
9     openat(AT_FDCWD, "/usr/local/lib/python3.12/urllib/__pycache__/request.cpython-312.pyc", O_RDONLY|O_CLOEXEC) = -1 ENOENT (No such file or directory)
9     openat(AT_FDCWD, "/usr/local/lib/python3.12/urllib/request.py", O_RDONLY|O_CLOEXEC) = 3
9     openat(AT_FDCWD, "/usr/local/lib/python3.12/__pycache__/base64.cpython-312.pyc", O_RDONLY|O_CLOEXEC) = -1 ENOENT (No such file or directory)
9     openat(AT_FDCWD, "/usr/local/lib/python3.12/base64.py", O_RDONLY|O_CLOEXEC) = 3
9     openat(AT_FDCWD, "/usr/local/lib/python3.12/__pycache__/struct.cpython-312.pyc", O_RDONLY|O_CLOEXEC) = -1 ENOENT (No such file or directory)
9     openat(AT_FDCWD, "/usr/local/lib/python3.12/struct.py", O_RDONLY|O_CLOEXEC) = 3
9     openat(AT_FDCWD, "/usr/local/lib/python3.12/lib-dynload/_struct.cpython-312-aarch64-linux-gnu.so", O_RDONLY|O_CLOEXEC) = 3
9     openat(AT_FDCWD, "/usr/local/lib/python3.12/lib-dynload/binascii.cpython-312-aarch64-linux-gnu.so", O_RDONLY|O_CLOEXEC) = 3
9     openat(AT_FDCWD, "/usr/local/lib/python3.12/email/__pycache__/__init__.cpython-312.pyc", O_RDONLY|O_CLOEXEC) = -1 ENOENT (No such file or directory)
9     openat(AT_FDCWD, "/usr/local/lib/python3.12/email/__init__.py", O_RDONLY|O_CLOEXEC) = 3
9     openat(AT_FDCWD, "/usr/local/lib/python3.12/http/__pycache__/__init__.cpython-312.pyc", O_RDONLY|O_CLOEXEC) = -1 ENOENT (No such file or directory)
9     openat(AT_FDCWD, "/usr/local/lib/python3.12/http/__init__.py", O_RDONLY|O_CLOEXEC) = 3
9     openat(AT_FDCWD, "/usr/local/lib/python3.12/http", O_RDONLY|O_NONBLOCK|O_CLOEXEC|O_DIRECTORY) = 3
9     openat(AT_FDCWD, "/usr/local/lib/python3.12/http/__pycache__/client.cpython-312.pyc", O_RDONLY|O_CLOEXEC) = -1 ENOENT (No such file or directory)
9     openat(AT_FDCWD, "/usr/local/lib/python3.12/http/client.py", O_RDONLY|O_CLOEXEC) = 3
9     openat(AT_FDCWD, "/usr/local/lib/python3.12/email", O_RDONLY|O_NONBLOCK|O_CLOEXEC|O_DIRECTORY) = 3
9     openat(AT_FDCWD, "/usr/local/lib/python3.12/email/__pycache__/parser.cpython-312.pyc", O_RDONLY|O_CLOEXEC) = -1 ENOENT (No such file or directory)
9     openat(AT_FDCWD, "/usr/local/lib/python3.12/email/parser.py", O_RDONLY|O_CLOEXEC) = 3
9     openat(AT_FDCWD, "/usr/local/lib/python3.12/email/__pycache__/feedparser.cpython-312.pyc", O_RDONLY|O_CLOEXEC) = -1 ENOENT (No such file or directory)
9     openat(AT_FDCWD, "/usr/local/lib/python3.12/email/feedparser.py", O_RDONLY|O_CLOEXEC) = 3
9     openat(AT_FDCWD, "/usr/local/lib/python3.12/email/__pycache__/errors.cpython-312.pyc", O_RDONLY|O_CLOEXEC) = -1 ENOENT (No such file or directory)
9     openat(AT_FDCWD, "/usr/local/lib/python3.12/email/errors.py", O_RDONLY|O_CLOEXEC) = 3
9     openat(AT_FDCWD, "/usr/local/lib/python3.12/email/__pycache__/_policybase.cpython-312.pyc", O_RDONLY|O_CLOEXEC) = -1 ENOENT (No such file or directory)
9     openat(AT_FDCWD, "/usr/local/lib/python3.12/email/_policybase.py", O_RDONLY|O_CLOEXEC) = 3
9     openat(AT_FDCWD, "/usr/local/lib/python3.12/email/__pycache__/header.cpython-312.pyc", O_RDONLY|O_CLOEXEC) = -1 ENOENT (No such file or directory)
9     openat(AT_FDCWD, "/usr/local/lib/python3.12/email/header.py", O_RDONLY|O_CLOEXEC) = 3
9     openat(AT_FDCWD, "/usr/local/lib/python3.12/email/__pycache__/quoprimime.cpython-312.pyc", O_RDONLY|O_CLOEXEC) = -1 ENOENT (No such file or directory)
9     openat(AT_FDCWD, "/usr/local/lib/python3.12/email/quoprimime.py", O_RDONLY|O_CLOEXEC) = 3
9     openat(AT_FDCWD, "/usr/local/lib/python3.12/__pycache__/string.cpython-312.pyc", O_RDONLY|O_CLOEXEC) = -1 ENOENT (No such file or directory)
9     openat(AT_FDCWD, "/usr/local/lib/python3.12/string.py", O_RDONLY|O_CLOEXEC) = 3
9     openat(AT_FDCWD, "/usr/local/lib/python3.12/email/__pycache__/base64mime.cpython-312.pyc", O_RDONLY|O_CLOEXEC) = -1 ENOENT (No such file or directory)
9     openat(AT_FDCWD, "/usr/local/lib/python3.12/email/base64mime.py", O_RDONLY|O_CLOEXEC) = 3
9     openat(AT_FDCWD, "/usr/local/lib/python3.12/email/__pycache__/charset.cpython-312.pyc", O_RDONLY|O_CLOEXEC) = -1 ENOENT (No such file or directory)
9     openat(AT_FDCWD, "/usr/local/lib/python3.12/email/charset.py", O_RDONLY|O_CLOEXEC) = 3
9     openat(AT_FDCWD, "/usr/local/lib/python3.12/email/__pycache__/encoders.cpython-312.pyc", O_RDONLY|O_CLOEXEC) = -1 ENOENT (No such file or directory)
9     openat(AT_FDCWD, "/usr/local/lib/python3.12/email/encoders.py", O_RDONLY|O_CLOEXEC) = 3
9     openat(AT_FDCWD, "/usr/local/lib/python3.12/__pycache__/quopri.cpython-312.pyc", O_RDONLY|O_CLOEXEC) = -1 ENOENT (No such file or directory)
9     openat(AT_FDCWD, "/usr/local/lib/python3.12/quopri.py", O_RDONLY|O_CLOEXEC) = 3
9     openat(AT_FDCWD, "/usr/local/lib/python3.12/email/__pycache__/utils.cpython-312.pyc", O_RDONLY|O_CLOEXEC) = -1 ENOENT (No such file or directory)
9     openat(AT_FDCWD, "/usr/local/lib/python3.12/email/utils.py", O_RDONLY|O_CLOEXEC) = 3
9     openat(AT_FDCWD, "/usr/local/lib/python3.12/__pycache__/socket.cpython-312.pyc", O_RDONLY|O_CLOEXEC) = -1 ENOENT (No such file or directory)
9     openat(AT_FDCWD, "/usr/local/lib/python3.12/socket.py", O_RDONLY|O_CLOEXEC) = 3
9     openat(AT_FDCWD, "/usr/local/lib/python3.12/lib-dynload/_socket.cpython-312-aarch64-linux-gnu.so", O_RDONLY|O_CLOEXEC) = 3
9     openat(AT_FDCWD, "/usr/local/lib/python3.12/__pycache__/selectors.cpython-312.pyc", O_RDONLY|O_CLOEXEC) = -1 ENOENT (No such file or directory)
9     openat(AT_FDCWD, "/usr/local/lib/python3.12/selectors.py", O_RDONLY|O_CLOEXEC) = 3
9     openat(AT_FDCWD, "/usr/local/lib/python3.12/collections", O_RDONLY|O_NONBLOCK|O_CLOEXEC|O_DIRECTORY) = 3
9     openat(AT_FDCWD, "/usr/local/lib/python3.12/collections/__pycache__/abc.cpython-312.pyc", O_RDONLY|O_CLOEXEC) = -1 ENOENT (No such file or directory)
9     openat(AT_FDCWD, "/usr/local/lib/python3.12/collections/abc.py", O_RDONLY|O_CLOEXEC) = 3
9     openat(AT_FDCWD, "/usr/local/lib/python3.12/lib-dynload/select.cpython-312-aarch64-linux-gnu.so", O_RDONLY|O_CLOEXEC) = 3
9     openat(AT_FDCWD, "/usr/local/lib/python3.12/lib-dynload/array.cpython-312-aarch64-linux-gnu.so", O_RDONLY|O_CLOEXEC) = 3
9     openat(AT_FDCWD, "/usr/local/lib/python3.12/__pycache__/datetime.cpython-312.pyc", O_RDONLY|O_CLOEXEC) = -1 ENOENT (No such file or directory)
9     openat(AT_FDCWD, "/usr/local/lib/python3.12/datetime.py", O_RDONLY|O_CLOEXEC) = 3
9     openat(AT_FDCWD, "/usr/local/lib/python3.12/lib-dynload/_datetime.cpython-312-aarch64-linux-gnu.so", O_RDONLY|O_CLOEXEC) = 3
9     openat(AT_FDCWD, "/usr/local/lib/python3.12/email/__pycache__/_parseaddr.cpython-312.pyc", O_RDONLY|O_CLOEXEC) = -1 ENOENT (No such file or directory)
9     openat(AT_FDCWD, "/usr/local/lib/python3.12/email/_parseaddr.py", O_RDONLY|O_CLOEXEC) = 3
9     openat(AT_FDCWD, "/usr/local/lib/python3.12/__pycache__/calendar.cpython-312.pyc", O_RDONLY|O_CLOEXEC) = -1 ENOENT (No such file or directory)
9     openat(AT_FDCWD, "/usr/local/lib/python3.12/calendar.py", O_RDONLY|O_CLOEXEC) = 3
9     openat(AT_FDCWD, "/usr/local/lib/python3.12/__pycache__/locale.cpython-312.pyc", O_RDONLY|O_CLOEXEC) = -1 ENOENT (No such file or directory)
9     openat(AT_FDCWD, "/usr/local/lib/python3.12/locale.py", O_RDONLY|O_CLOEXEC) = 3
9     openat(AT_FDCWD, "/usr/local/lib/python3.12/email/__pycache__/message.cpython-312.pyc", O_RDONLY|O_CLOEXEC) = -1 ENOENT (No such file or directory)
9     openat(AT_FDCWD, "/usr/local/lib/python3.12/email/message.py", O_RDONLY|O_CLOEXEC) = 3
9     openat(AT_FDCWD, "/usr/local/lib/python3.12/email/__pycache__/_encoded_words.cpython-312.pyc", O_RDONLY|O_CLOEXEC) = -1 ENOENT (No such file or directory)
9     openat(AT_FDCWD, "/usr/local/lib/python3.12/email/_encoded_words.py", O_RDONLY|O_CLOEXEC) = 3
9     openat(AT_FDCWD, "/usr/local/lib/python3.12/email/__pycache__/iterators.cpython-312.pyc", O_RDONLY|O_CLOEXEC) = -1 ENOENT (No such file or directory)
9     openat(AT_FDCWD, "/usr/local/lib/python3.12/email/iterators.py", O_RDONLY|O_CLOEXEC) = 3
9     openat(AT_FDCWD, "/usr/local/lib/python3.12/__pycache__/ssl.cpython-312.pyc", O_RDONLY|O_CLOEXEC) = -1 ENOENT (No such file or directory)
9     openat(AT_FDCWD, "/usr/local/lib/python3.12/ssl.py", O_RDONLY|O_CLOEXEC) = 3
9     openat(AT_FDCWD, "/usr/local/lib/python3.12/lib-dynload/_ssl.cpython-312-aarch64-linux-gnu.so", O_RDONLY|O_CLOEXEC) = 3
9     openat(AT_FDCWD, "/etc/ld.so.cache", O_RDONLY|O_CLOEXEC) = 3
9     openat(AT_FDCWD, "/lib/aarch64-linux-gnu/libssl.so.3", O_RDONLY|O_CLOEXEC) = 3
9     openat(AT_FDCWD, "/usr/local/lib/python3.12/__pycache__/contextlib.cpython-312.pyc", O_RDONLY|O_CLOEXEC) = -1 ENOENT (No such file or directory)
9     openat(AT_FDCWD, "/usr/local/lib/python3.12/contextlib.py", O_RDONLY|O_CLOEXEC) = 3
9     openat(AT_FDCWD, "/workspace/repo/skill/docs_forge_runner.py", O_RDONLY|O_CLOEXEC) = 3
9     openat(AT_FDCWD, "/workspace/repo/skill/docs_forge_runner.py", O_RDONLY) = 3
9     openat(AT_FDCWD, "/workspace/repo/repo/package.json", O_RDONLY|O_CLOEXEC) = 3
9     openat(AT_FDCWD, "/workspace/repo/repo/README.md", O_RDONLY|O_CLOEXEC) = 3
9     openat(AT_FDCWD, "/workspace/repo/repo/src/index.ts", O_RDONLY|O_CLOEXEC) = 3
9     openat(AT_FDCWD, "/workspace/repo/repo/src/config.ts", O_RDONLY|O_CLOEXEC) = 3
9     openat(AT_FDCWD, "/workspace/repo/docs-source/architecture-notes.md", O_RDONLY|O_CLOEXEC) = 3
9     openat(AT_FDCWD, "/workspace/repo/docs-source/api-notes.md", O_RDONLY|O_CLOEXEC) = 3
9     openat(AT_FDCWD, "/workspace/out/docs/index.md", O_WRONLY|O_CREAT|O_TRUNC|O_CLOEXEC, 0666) = 3
9     openat(AT_FDCWD, "/workspace/out/docs/api.md", O_WRONLY|O_CREAT|O_TRUNC|O_CLOEXEC, 0666) = 3
